2025-05-05T17:49:45.841+07:00  INFO 25884 --- [test_task] [main] r.safonov.test_task.TestTaskApplication  : Starting TestTaskApplication using Java 17.0.1 with PID 25884 (F:\studies\Programming\Java\lessons\practise\Test task\BankAccount\test_task\target\classes started by thbr in F:\studies\Programming\Java\lessons\practise\Test task\BankAccount\test_task)
2025-05-05T17:49:45.846+07:00  INFO 25884 --- [test_task] [main] r.safonov.test_task.TestTaskApplication  : No active profile set, falling back to 1 default profile: "default"
2025-05-05T17:49:45.888+07:00  INFO 25884 --- [test_task] [main] .s.b.d.c.l.DockerComposeLifecycleManager : Using Docker Compose file F:\studies\Programming\Java\lessons\practise\Test task\BankAccount\test_task\compose.yaml
2025-05-05T17:49:46.546+07:00  INFO 25884 --- [test_task] [main] .s.b.d.c.l.DockerComposeLifecycleManager : There are already Docker Compose services running, skipping startup
2025-05-05T17:49:48.008+07:00  INFO 25884 --- [test_task] [main] .s.d.r.c.RepositoryConfigurationDelegate : Bootstrapping Spring Data JPA repositories in DEFAULT mode.
2025-05-05T17:49:48.071+07:00  INFO 25884 --- [test_task] [main] .s.d.r.c.RepositoryConfigurationDelegate : Finished Spring Data repository scanning in 56 ms. Found 4 JPA repository interfaces.
2025-05-05T17:49:48.831+07:00  INFO 25884 --- [test_task] [main] o.s.b.w.embedded.tomcat.TomcatWebServer  : Tomcat initialized with port 8080 (http)
2025-05-05T17:49:48.845+07:00  INFO 25884 --- [test_task] [main] o.apache.catalina.core.StandardService   : Starting service [Tomcat]
2025-05-05T17:49:48.846+07:00  INFO 25884 --- [test_task] [main] o.apache.catalina.core.StandardEngine    : Starting Servlet engine: [Apache Tomcat/10.1.40]
2025-05-05T17:49:48.913+07:00  INFO 25884 --- [test_task] [main] o.a.c.c.C.[Tomcat].[localhost].[/]       : Initializing Spring embedded WebApplicationContext
2025-05-05T17:49:48.914+07:00  INFO 25884 --- [test_task] [main] w.s.c.ServletWebServerApplicationContext : Root WebApplicationContext: initialization completed in 2159 ms
2025-05-05T17:49:49.044+07:00  INFO 25884 --- [test_task] [main] com.zaxxer.hikari.HikariDataSource       : HikariPool-1 - Starting...
2025-05-05T17:49:49.179+07:00  INFO 25884 --- [test_task] [main] com.zaxxer.hikari.pool.HikariPool        : HikariPool-1 - Added connection org.postgresql.jdbc.PgConnection@657b3b
2025-05-05T17:49:49.180+07:00  INFO 25884 --- [test_task] [main] com.zaxxer.hikari.HikariDataSource       : HikariPool-1 - Start completed.
2025-05-05T17:49:49.862+07:00  INFO 25884 --- [test_task] [main] liquibase.changelog                      : Reading from gk_task.databasechangelog
2025-05-05T17:49:49.951+07:00  INFO 25884 --- [test_task] [main] liquibase.ui                             : Database is up to date, no changesets to execute
2025-05-05T17:49:49.953+07:00  INFO 25884 --- [test_task] [main] liquibase.changelog                      : Reading from gk_task.databasechangelog
2025-05-05T17:49:49.961+07:00  INFO 25884 --- [test_task] [main] liquibase.util                           : UPDATE SUMMARY
2025-05-05T17:49:49.961+07:00  INFO 25884 --- [test_task] [main] liquibase.util                           : Run:                          0
2025-05-05T17:49:49.961+07:00  INFO 25884 --- [test_task] [main] liquibase.util                           : Previously run:               7
2025-05-05T17:49:49.961+07:00  INFO 25884 --- [test_task] [main] liquibase.util                           : Filtered out:                 0
2025-05-05T17:49:49.961+07:00  INFO 25884 --- [test_task] [main] liquibase.util                           : -------------------------------
2025-05-05T17:49:49.961+07:00  INFO 25884 --- [test_task] [main] liquibase.util                           : Total change sets:            7
2025-05-05T17:49:49.962+07:00  INFO 25884 --- [test_task] [main] liquibase.util                           : Update summary generated
2025-05-05T17:49:49.963+07:00  INFO 25884 --- [test_task] [main] liquibase.command                        : Command execution complete
2025-05-05T17:49:50.027+07:00  INFO 25884 --- [test_task] [main] o.hibernate.jpa.internal.util.LogHelper  : HHH000204: Processing PersistenceUnitInfo [name: default]
2025-05-05T17:49:50.076+07:00  INFO 25884 --- [test_task] [main] org.hibernate.Version                    : HHH000412: Hibernate ORM core version 6.6.13.Final
2025-05-05T17:49:50.103+07:00  INFO 25884 --- [test_task] [main] o.h.c.internal.RegionFactoryInitiator    : HHH000026: Second-level cache disabled
2025-05-05T17:49:50.405+07:00  INFO 25884 --- [test_task] [main] o.s.o.j.p.SpringPersistenceUnitInfo      : No LoadTimeWeaver setup: ignoring JPA class transformer
2025-05-05T17:49:50.456+07:00  WARN 25884 --- [test_task] [main] org.hibernate.orm.deprecation            : HHH90000025: PostgreSQLDialect does not need to be specified explicitly using 'hibernate.dialect' (remove the property setting and it will be selected by default)
2025-05-05T17:49:50.468+07:00  INFO 25884 --- [test_task] [main] org.hibernate.orm.connections.pooling    : HHH10001005: Database info:
	Database JDBC URL [Connecting through datasource 'HikariDataSource (HikariPool-1)']
	Database driver: undefined/unknown
	Database version: 17.4
	Autocommit mode: undefined/unknown
	Isolation level: undefined/unknown
	Minimum pool size: undefined/unknown
	Maximum pool size: undefined/unknown
2025-05-05T17:49:51.134+07:00  INFO 25884 --- [test_task] [main] o.h.e.t.j.p.i.JtaPlatformInitiator       : HHH000489: No JTA platform available (set 'hibernate.transaction.jta.platform' to enable JTA platform integration)
2025-05-05T17:49:51.163+07:00  INFO 25884 --- [test_task] [main] j.LocalContainerEntityManagerFactoryBean : Initialized JPA EntityManagerFactory for persistence unit 'default'
2025-05-05T17:49:51.424+07:00  INFO 25884 --- [test_task] [main] o.s.d.j.r.query.QueryEnhancerFactory     : Hibernate is in classpath; If applicable, HQL parser will be used.
2025-05-05T17:49:51.717+07:00  INFO 25884 --- [test_task] [main] r$InitializeUserDetailsManagerConfigurer : Global AuthenticationManager configured with UserDetailsService bean with name jwtUserDetailsService
2025-05-05T17:49:51.846+07:00  WARN 25884 --- [test_task] [main] JpaBaseConfiguration$JpaWebConfiguration : spring.jpa.open-in-view is enabled by default. Therefore, database queries may be performed during view rendering. Explicitly configure spring.jpa.open-in-view to disable this warning
2025-05-05T17:49:52.377+07:00  INFO 25884 --- [test_task] [main] o.s.b.w.embedded.tomcat.TomcatWebServer  : Tomcat started on port 8080 (http) with context path '/'
2025-05-05T17:49:52.386+07:00  INFO 25884 --- [test_task] [main] r.safonov.test_task.TestTaskApplication  : Started TestTaskApplication in 6.905 seconds (process running for 7.584)
2025-05-05T17:49:52.394+07:00  INFO 25884 --- [test_task] [scheduling-1] r.s.test_task.services.AccountService    : === Starting scheduled balance increase ===
2025-05-05T17:49:52.451+07:00  INFO 25884 --- [test_task] [scheduling-1] r.s.test_task.services.AccountService    : Found 2 accounts to process
2025-05-05T17:49:52.455+07:00  INFO 25884 --- [test_task] [scheduling-1] r.s.test_task.services.AccountService    : Successfully saved 2 accounts
2025-05-05T17:49:52.455+07:00  INFO 25884 --- [test_task] [scheduling-1] r.s.test_task.services.AccountService    : === Balance increase completed ===
Duration: 61 ms
Total accounts: 2
Updated: 0
Skipped (zero balance): 0
Skipped (max limit): 2

2025-05-05T17:50:03.952+07:00  INFO 25884 --- [test_task] [http-nio-8080-exec-1] o.a.c.c.C.[Tomcat].[localhost].[/]       : Initializing Spring DispatcherServlet 'dispatcherServlet'
2025-05-05T17:50:03.952+07:00  INFO 25884 --- [test_task] [http-nio-8080-exec-1] o.s.web.servlet.DispatcherServlet        : Initializing Servlet 'dispatcherServlet'
2025-05-05T17:50:03.953+07:00  INFO 25884 --- [test_task] [http-nio-8080-exec-1] o.s.web.servlet.DispatcherServlet        : Completed initialization in 1 ms
2025-05-05T17:50:04.538+07:00  INFO 25884 --- [test_task] [http-nio-8080-exec-9] o.springdoc.api.AbstractOpenApiResource  : Init duration for springdoc-openapi is: 267 ms
2025-05-05T17:50:22.465+07:00  INFO 25884 --- [test_task] [scheduling-1] r.s.test_task.services.AccountService    : === Starting scheduled balance increase ===
2025-05-05T17:50:22.467+07:00  INFO 25884 --- [test_task] [scheduling-1] r.s.test_task.services.AccountService    : Found 2 accounts to process
2025-05-05T17:50:22.467+07:00  INFO 25884 --- [test_task] [scheduling-1] r.s.test_task.services.AccountService    : Successfully saved 2 accounts
2025-05-05T17:50:22.467+07:00  INFO 25884 --- [test_task] [scheduling-1] r.s.test_task.services.AccountService    : === Balance increase completed ===
Duration: 2 ms
Total accounts: 2
Updated: 0
Skipped (zero balance): 0
Skipped (max limit): 2

2025-05-05T17:50:52.471+07:00  INFO 25884 --- [test_task] [scheduling-1] r.s.test_task.services.AccountService    : === Starting scheduled balance increase ===
2025-05-05T17:50:52.472+07:00  INFO 25884 --- [test_task] [scheduling-1] r.s.test_task.services.AccountService    : Found 2 accounts to process
2025-05-05T17:50:52.473+07:00  INFO 25884 --- [test_task] [scheduling-1] r.s.test_task.services.AccountService    : Successfully saved 2 accounts
2025-05-05T17:50:52.473+07:00  INFO 25884 --- [test_task] [scheduling-1] r.s.test_task.services.AccountService    : === Balance increase completed ===
Duration: 2 ms
Total accounts: 2
Updated: 0
Skipped (zero balance): 0
Skipped (max limit): 2

2025-05-05T17:51:22.476+07:00  INFO 25884 --- [test_task] [scheduling-1] r.s.test_task.services.AccountService    : === Starting scheduled balance increase ===
2025-05-05T17:51:22.478+07:00  INFO 25884 --- [test_task] [scheduling-1] r.s.test_task.services.AccountService    : Found 2 accounts to process
2025-05-05T17:51:22.478+07:00  INFO 25884 --- [test_task] [scheduling-1] r.s.test_task.services.AccountService    : Successfully saved 2 accounts
2025-05-05T17:51:22.478+07:00  INFO 25884 --- [test_task] [scheduling-1] r.s.test_task.services.AccountService    : === Balance increase completed ===
Duration: 2 ms
Total accounts: 2
Updated: 0
Skipped (zero balance): 0
Skipped (max limit): 2

2025-05-05T17:51:52.482+07:00  INFO 25884 --- [test_task] [scheduling-1] r.s.test_task.services.AccountService    : === Starting scheduled balance increase ===
2025-05-05T17:51:52.484+07:00  INFO 25884 --- [test_task] [scheduling-1] r.s.test_task.services.AccountService    : Found 2 accounts to process
2025-05-05T17:51:52.484+07:00  INFO 25884 --- [test_task] [scheduling-1] r.s.test_task.services.AccountService    : Successfully saved 2 accounts
2025-05-05T17:51:52.484+07:00  INFO 25884 --- [test_task] [scheduling-1] r.s.test_task.services.AccountService    : === Balance increase completed ===
Duration: 2 ms
Total accounts: 2
Updated: 0
Skipped (zero balance): 0
Skipped (max limit): 2

2025-05-05T17:52:22.489+07:00  INFO 25884 --- [test_task] [scheduling-1] r.s.test_task.services.AccountService    : === Starting scheduled balance increase ===
2025-05-05T17:52:22.490+07:00  INFO 25884 --- [test_task] [scheduling-1] r.s.test_task.services.AccountService    : Found 2 accounts to process
2025-05-05T17:52:22.491+07:00  INFO 25884 --- [test_task] [scheduling-1] r.s.test_task.services.AccountService    : Successfully saved 2 accounts
2025-05-05T17:52:22.491+07:00  INFO 25884 --- [test_task] [scheduling-1] r.s.test_task.services.AccountService    : === Balance increase completed ===
Duration: 2 ms
Total accounts: 2
Updated: 0
Skipped (zero balance): 0
Skipped (max limit): 2

2025-05-05T17:52:52.495+07:00  INFO 25884 --- [test_task] [scheduling-1] r.s.test_task.services.AccountService    : === Starting scheduled balance increase ===
2025-05-05T17:52:52.496+07:00  INFO 25884 --- [test_task] [scheduling-1] r.s.test_task.services.AccountService    : Found 2 accounts to process
2025-05-05T17:52:52.497+07:00  INFO 25884 --- [test_task] [scheduling-1] r.s.test_task.services.AccountService    : Successfully saved 2 accounts
2025-05-05T17:52:52.497+07:00  INFO 25884 --- [test_task] [scheduling-1] r.s.test_task.services.AccountService    : === Balance increase completed ===
Duration: 2 ms
Total accounts: 2
Updated: 0
Skipped (zero balance): 0
Skipped (max limit): 2

2025-05-05T17:53:22.500+07:00  INFO 25884 --- [test_task] [scheduling-1] r.s.test_task.services.AccountService    : === Starting scheduled balance increase ===
2025-05-05T17:53:22.502+07:00  INFO 25884 --- [test_task] [scheduling-1] r.s.test_task.services.AccountService    : Found 2 accounts to process
2025-05-05T17:53:22.502+07:00  INFO 25884 --- [test_task] [scheduling-1] r.s.test_task.services.AccountService    : Successfully saved 2 accounts
2025-05-05T17:53:22.502+07:00  INFO 25884 --- [test_task] [scheduling-1] r.s.test_task.services.AccountService    : === Balance increase completed ===
Duration: 2 ms
Total accounts: 2
Updated: 0
Skipped (zero balance): 0
Skipped (max limit): 2

2025-05-05T17:53:52.507+07:00  INFO 25884 --- [test_task] [scheduling-1] r.s.test_task.services.AccountService    : === Starting scheduled balance increase ===
2025-05-05T17:53:52.509+07:00  INFO 25884 --- [test_task] [scheduling-1] r.s.test_task.services.AccountService    : Found 2 accounts to process
2025-05-05T17:53:52.509+07:00  INFO 25884 --- [test_task] [scheduling-1] r.s.test_task.services.AccountService    : Successfully saved 2 accounts
2025-05-05T17:53:52.509+07:00  INFO 25884 --- [test_task] [scheduling-1] r.s.test_task.services.AccountService    : === Balance increase completed ===
Duration: 2 ms
Total accounts: 2
Updated: 0
Skipped (zero balance): 0
Skipped (max limit): 2

2025-05-05T17:54:22.513+07:00  INFO 25884 --- [test_task] [scheduling-1] r.s.test_task.services.AccountService    : === Starting scheduled balance increase ===
2025-05-05T17:54:22.515+07:00  INFO 25884 --- [test_task] [scheduling-1] r.s.test_task.services.AccountService    : Found 2 accounts to process
2025-05-05T17:54:22.515+07:00  INFO 25884 --- [test_task] [scheduling-1] r.s.test_task.services.AccountService    : Successfully saved 2 accounts
2025-05-05T17:54:22.515+07:00  INFO 25884 --- [test_task] [scheduling-1] r.s.test_task.services.AccountService    : === Balance increase completed ===
Duration: 2 ms
Total accounts: 2
Updated: 0
Skipped (zero balance): 0
Skipped (max limit): 2

2025-05-05T17:54:52.519+07:00  INFO 25884 --- [test_task] [scheduling-1] r.s.test_task.services.AccountService    : === Starting scheduled balance increase ===
2025-05-05T17:54:52.521+07:00  INFO 25884 --- [test_task] [scheduling-1] r.s.test_task.services.AccountService    : Found 2 accounts to process
2025-05-05T17:54:52.521+07:00  INFO 25884 --- [test_task] [scheduling-1] r.s.test_task.services.AccountService    : Successfully saved 2 accounts
2025-05-05T17:54:52.521+07:00  INFO 25884 --- [test_task] [scheduling-1] r.s.test_task.services.AccountService    : === Balance increase completed ===
Duration: 1 ms
Total accounts: 2
Updated: 0
Skipped (zero balance): 0
Skipped (max limit): 2

2025-05-05T17:55:22.525+07:00  INFO 25884 --- [test_task] [scheduling-1] r.s.test_task.services.AccountService    : === Starting scheduled balance increase ===
2025-05-05T17:55:22.526+07:00  INFO 25884 --- [test_task] [scheduling-1] r.s.test_task.services.AccountService    : Found 2 accounts to process
2025-05-05T17:55:22.527+07:00  INFO 25884 --- [test_task] [scheduling-1] r.s.test_task.services.AccountService    : Successfully saved 2 accounts
2025-05-05T17:55:22.527+07:00  INFO 25884 --- [test_task] [scheduling-1] r.s.test_task.services.AccountService    : === Balance increase completed ===
Duration: 2 ms
Total accounts: 2
Updated: 0
Skipped (zero balance): 0
Skipped (max limit): 2

2025-05-05T17:55:52.532+07:00  INFO 25884 --- [test_task] [scheduling-1] r.s.test_task.services.AccountService    : === Starting scheduled balance increase ===
2025-05-05T17:55:52.534+07:00  INFO 25884 --- [test_task] [scheduling-1] r.s.test_task.services.AccountService    : Found 2 accounts to process
2025-05-05T17:55:52.534+07:00  INFO 25884 --- [test_task] [scheduling-1] r.s.test_task.services.AccountService    : Successfully saved 2 accounts
2025-05-05T17:55:52.534+07:00  INFO 25884 --- [test_task] [scheduling-1] r.s.test_task.services.AccountService    : === Balance increase completed ===
Duration: 2 ms
Total accounts: 2
Updated: 0
Skipped (zero balance): 0
Skipped (max limit): 2

2025-05-05T17:56:22.538+07:00  INFO 25884 --- [test_task] [scheduling-1] r.s.test_task.services.AccountService    : === Starting scheduled balance increase ===
2025-05-05T17:56:22.540+07:00  INFO 25884 --- [test_task] [scheduling-1] r.s.test_task.services.AccountService    : Found 2 accounts to process
2025-05-05T17:56:22.540+07:00  INFO 25884 --- [test_task] [scheduling-1] r.s.test_task.services.AccountService    : Successfully saved 2 accounts
2025-05-05T17:56:22.540+07:00  INFO 25884 --- [test_task] [scheduling-1] r.s.test_task.services.AccountService    : === Balance increase completed ===
Duration: 2 ms
Total accounts: 2
Updated: 0
Skipped (zero balance): 0
Skipped (max limit): 2

2025-05-05T17:56:52.544+07:00  INFO 25884 --- [test_task] [scheduling-1] r.s.test_task.services.AccountService    : === Starting scheduled balance increase ===
2025-05-05T17:56:52.546+07:00  INFO 25884 --- [test_task] [scheduling-1] r.s.test_task.services.AccountService    : Found 2 accounts to process
2025-05-05T17:56:52.546+07:00  INFO 25884 --- [test_task] [scheduling-1] r.s.test_task.services.AccountService    : Successfully saved 2 accounts
2025-05-05T17:56:52.546+07:00  INFO 25884 --- [test_task] [scheduling-1] r.s.test_task.services.AccountService    : === Balance increase completed ===
Duration: 2 ms
Total accounts: 2
Updated: 0
Skipped (zero balance): 0
Skipped (max limit): 2

2025-05-05T17:57:04.989+07:00  INFO 25884 --- [test_task] [http-nio-8080-exec-4] o.apache.coyote.http11.Http11Processor   : Error parsing HTTP request header
 Note: further occurrences of HTTP request parsing errors will be logged at DEBUG level.

java.lang.IllegalArgumentException: Invalid character found in method name [0x160x030x010x07O0x010x000x07K0x030x030x19L0x9cW0x130x9dk0xe80xe5NC0xe60xedN0xa00x0bY0xea0x18QLuB0x180xa9J0x87T0xdc0xf10x8eA ]. HTTP method names must be tokens
	at org.apache.coyote.http11.Http11InputBuffer.parseRequestLine(Http11InputBuffer.java:403) ~[tomcat-embed-core-10.1.40.jar:10.1.40]
	at org.apache.coyote.http11.Http11Processor.service(Http11Processor.java:271) ~[tomcat-embed-core-10.1.40.jar:10.1.40]
	at org.apache.coyote.AbstractProcessorLight.process(AbstractProcessorLight.java:63) ~[tomcat-embed-core-10.1.40.jar:10.1.40]
	at org.apache.coyote.AbstractProtocol$ConnectionHandler.process(AbstractProtocol.java:903) ~[tomcat-embed-core-10.1.40.jar:10.1.40]
	at org.apache.tomcat.util.net.NioEndpoint$SocketProcessor.doRun(NioEndpoint.java:1740) ~[tomcat-embed-core-10.1.40.jar:10.1.40]
	at org.apache.tomcat.util.net.SocketProcessorBase.run(SocketProcessorBase.java:52) ~[tomcat-embed-core-10.1.40.jar:10.1.40]
	at org.apache.tomcat.util.threads.ThreadPoolExecutor.runWorker(ThreadPoolExecutor.java:1189) ~[tomcat-embed-core-10.1.40.jar:10.1.40]
	at org.apache.tomcat.util.threads.ThreadPoolExecutor$Worker.run(ThreadPoolExecutor.java:658) ~[tomcat-embed-core-10.1.40.jar:10.1.40]
	at org.apache.tomcat.util.threads.TaskThread$WrappingRunnable.run(TaskThread.java:63) ~[tomcat-embed-core-10.1.40.jar:10.1.40]
	at java.base/java.lang.Thread.run(Thread.java:833) ~[na:na]

2025-05-05T17:57:22.551+07:00  INFO 25884 --- [test_task] [scheduling-1] r.s.test_task.services.AccountService    : === Starting scheduled balance increase ===
2025-05-05T17:57:22.553+07:00  INFO 25884 --- [test_task] [scheduling-1] r.s.test_task.services.AccountService    : Found 2 accounts to process
2025-05-05T17:57:22.554+07:00  INFO 25884 --- [test_task] [scheduling-1] r.s.test_task.services.AccountService    : Successfully saved 2 accounts
2025-05-05T17:57:22.554+07:00  INFO 25884 --- [test_task] [scheduling-1] r.s.test_task.services.AccountService    : === Balance increase completed ===
Duration: 3 ms
Total accounts: 2
Updated: 0
Skipped (zero balance): 0
Skipped (max limit): 2

2025-05-05T17:57:23.657+07:00  INFO 25884 --- [test_task] [SpringApplicationShutdownHook] o.s.b.w.e.tomcat.GracefulShutdown        : Commencing graceful shutdown. Waiting for active requests to complete
2025-05-05T17:57:23.672+07:00  INFO 25884 --- [test_task] [tomcat-shutdown] o.s.b.w.e.tomcat.GracefulShutdown        : Graceful shutdown complete
2025-05-05T17:57:23.675+07:00  INFO 25884 --- [test_task] [SpringApplicationShutdownHook] j.LocalContainerEntityManagerFactoryBean : Closing JPA EntityManagerFactory for persistence unit 'default'
2025-05-05T17:57:23.677+07:00  INFO 25884 --- [test_task] [SpringApplicationShutdownHook] com.zaxxer.hikari.HikariDataSource       : HikariPool-1 - Shutdown initiated...
2025-05-05T17:57:23.682+07:00  INFO 25884 --- [test_task] [SpringApplicationShutdownHook] com.zaxxer.hikari.HikariDataSource       : HikariPool-1 - Shutdown completed.
